This is pdfTeX, Version 3.14159265-2.6-1.40.16 (TeX Live 2015) (preloaded format=pdflatex 2015.10.25)  20 JUL 2017 16:07
entering extended mode
 restricted \write18 enabled.
 file:line:error style messages enabled.
 %&-line parsing enabled.
**llncsdoc.tex
(./llncsdoc.tex
LaTeX2e <2015/01/01>
Babel <3.9l> and hyphenation patterns for 79 languages loaded.
(./llncs.cls
Document Class: llncs 2013/09/27 v2.18 
 LaTeX document class for Lecture Notes in Computer Science
(/usr/local/texlive/2015/texmf-dist/tex/latex/base/article.cls
Document Class: article 2014/09/29 v1.4h Standard LaTeX document class
(/usr/local/texlive/2015/texmf-dist/tex/latex/base/size10.clo
File: size10.clo 2014/09/29 v1.4h Standard LaTeX file (size option)
)
\c@part=\count79
\c@section=\count80
\c@subsection=\count81
\c@subsubsection=\count82
\c@paragraph=\count83
\c@subparagraph=\count84
\c@figure=\count85
\c@table=\count86
\abovecaptionskip=\skip41
\belowcaptionskip=\skip42
\bibindent=\dimen102
) (/usr/local/texlive/2015/texmf-dist/tex/latex/tools/multicol.sty
Package: multicol 2015/03/31 v1.8m multicolumn formatting (FMi)
\c@tracingmulticols=\count87
\mult@box=\box26
\multicol@leftmargin=\dimen103
\c@unbalance=\count88
\c@collectmore=\count89
\doublecol@number=\count90
\multicoltolerance=\count91
\multicolpretolerance=\count92
\full@width=\dimen104
\page@free=\dimen105
\premulticols=\dimen106
\postmulticols=\dimen107
\multicolsep=\skip43
\multicolbaselineskip=\skip44
\partial@page=\box27
\last@line=\box28
\maxbalancingoverflow=\dimen108
\mult@rightbox=\box29
\mult@grightbox=\box30
\mult@gfirstbox=\box31
\mult@firstbox=\box32
\@tempa=\box33
\@tempa=\box34
\@tempa=\box35
\@tempa=\box36
\@tempa=\box37
\@tempa=\box38
\@tempa=\box39
\@tempa=\box40
\@tempa=\box41
\@tempa=\box42
\@tempa=\box43
\@tempa=\box44
\@tempa=\box45
\@tempa=\box46
\@tempa=\box47
\@tempa=\box48
\@tempa=\box49
\c@columnbadness=\count93
\c@finalcolumnbadness=\count94
\last@try=\dimen109
\multicolovershoot=\dimen110
\multicolundershoot=\dimen111
\mult@nat@firstbox=\box50
\colbreak@box=\box51
\mc@col@check@num=\count95
) (./aliascnt.sty
Package: aliascnt 2009/09/08 v1.3 Alias counter (HO)
 (./remreset.sty))
\c@chapter=\count96
LaTeX Font Info:    Redeclaring math symbol \Gamma on input line 362.
LaTeX Font Info:    Redeclaring math symbol \Delta on input line 363.
LaTeX Font Info:    Redeclaring math symbol \Theta on input line 364.
LaTeX Font Info:    Redeclaring math symbol \Lambda on input line 365.
LaTeX Font Info:    Redeclaring math symbol \Xi on input line 366.
LaTeX Font Info:    Redeclaring math symbol \Pi on input line 367.
LaTeX Font Info:    Redeclaring math symbol \Sigma on input line 368.
LaTeX Font Info:    Redeclaring math symbol \Upsilon on input line 369.
LaTeX Font Info:    Redeclaring math symbol \Phi on input line 370.
LaTeX Font Info:    Redeclaring math symbol \Psi on input line 371.
LaTeX Font Info:    Redeclaring math symbol \Omega on input line 372.
\tocchpnum=\dimen112
\tocsecnum=\dimen113
\tocsectotal=\dimen114
\tocsubsecnum=\dimen115
\tocsubsectotal=\dimen116
\tocsubsubsecnum=\dimen117
\tocsubsubsectotal=\dimen118
\tocparanum=\dimen119
\tocparatotal=\dimen120
\tocsubparanum=\dimen121
\@tempcntc=\count97
\fnindent=\dimen122
\c@@inst=\count98
\c@@auth=\count99
\c@auco=\count100
\instindent=\dimen123
\authrun=\box52
\authorrunning=\toks14
\tocauthor=\toks15
\titrun=\box53
\titlerunning=\toks16
\toctitle=\toks17
\c@theorem=\count101
\c@case=\count102
\c@conjecture=\count103
\c@corollary=\count104
\c@definition=\count105
\c@example=\count106
\c@exercise=\count107
\c@lemma=\count108
\c@note=\count109
\c@problem=\count110
\c@property=\count111
\c@proposition=\count112
\c@question=\count113
\c@solution=\count114
\c@remark=\count115
\headlineindent=\dimen124
) (/usr/local/texlive/2015/texmf-dist/tex/latex/algorithms/algorithm.sty
Package: algorithm 2009/08/24 v0.1 Document Style `algorithm' - floating environment
 (/usr/local/texlive/2015/texmf-dist/tex/latex/float/float.sty
Package: float 2001/11/08 v1.3d Float enhancements (AL)
\c@float@type=\count116
\float@exts=\toks18
\float@box=\box54
\@float@everytoks=\toks19
\@floatcapt=\box55
) (/usr/local/texlive/2015/texmf-dist/tex/latex/base/ifthen.sty
Package: ifthen 2014/09/29 v1.1c Standard LaTeX ifthen package (DPC)
)
\@float@every@algorithm=\toks20
\c@algorithm=\count117
) (/usr/local/texlive/2015/texmf-dist/tex/latex/algorithms/algorithmic.sty
Package: algorithmic 2009/08/24 v0.1 Document Style `algorithmic'
 (/usr/local/texlive/2015/texmf-dist/tex/latex/graphics/keyval.sty
Package: keyval 2014/10/28 v1.15 key=value parser (DPC)
\KV@toks@=\toks21
)
\c@ALC@unique=\count118
\c@ALC@line=\count119
\c@ALC@rem=\count120
\c@ALC@depth=\count121
\ALC@tlm=\skip45
\algorithmicindent=\skip46
) (/usr/local/texlive/2015/texmf-dist/tex/latex/graphics/graphicx.sty
Package: graphicx 2014/10/28 v1.0g Enhanced LaTeX Graphics (DPC,SPQR)
 (/usr/local/texlive/2015/texmf-dist/tex/latex/graphics/graphics.sty
Package: graphics 2014/10/28 v1.0p Standard LaTeX Graphics (DPC,SPQR)
 (/usr/local/texlive/2015/texmf-dist/tex/latex/graphics/trig.sty
Package: trig 1999/03/16 v1.09 sin cos tan (DPC)
) (/usr/local/texlive/2015/texmf-dist/tex/latex/latexconfig/graphics.cfg
File: graphics.cfg 2010/04/23 v1.9 graphics configuration of TeX Live
)
Package graphics Info: Driver file: pdftex.def on input line 94.
 (/usr/local/texlive/2015/texmf-dist/tex/latex/pdftex-def/pdftex.def
File: pdftex.def 2011/05/27 v0.06d Graphics/color for pdfTeX
 (/usr/local/texlive/2015/texmf-dist/tex/generic/oberdiek/infwarerr.sty
Package: infwarerr 2010/04/08 v1.3 Providing info/warning/error messages (HO)
) (/usr/local/texlive/2015/texmf-dist/tex/generic/oberdiek/ltxcmds.sty
Package: ltxcmds 2011/11/09 v1.22 LaTeX kernel commands for general use (HO)
)
\Gread@gobject=\count122
))
\Gin@req@height=\dimen125
\Gin@req@width=\dimen126
) (/usr/local/texlive/2015/texmf-dist/tex/latex/placeins/placeins.sty
Package: placeins 2005/04/18  v 2.2
) (/usr/local/texlive/2015/texmf-dist/tex/latex/subfigure/subfigure.sty
Package: subfigure 2002/03/15 v2.1.5 subfigure package
\subfigtopskip=\skip47
\subfigcapskip=\skip48
\subfigcaptopadj=\dimen127
\subfigbottomskip=\skip49
\subfigcapmargin=\dimen128
\subfiglabelskip=\skip50
\c@subfigure=\count123
\c@lofdepth=\count124
\c@subtable=\count125
\c@lotdepth=\count126

****************************************
* Local config file subfigure.cfg used *
****************************************
(/usr/local/texlive/2015/texmf-dist/tex/latex/subfigure/subfigure.cfg)
\subfig@top=\skip51
\subfig@bottom=\skip52
) (/usr/local/texlive/2015/texmf-dist/tex/latex/multirow/multirow.sty
\bigstrutjot=\dimen129
) (./llncsdoc.sty) (/usr/local/texlive/2015/texmf-dist/tex/latex/graphics/color.sty
Package: color 2014/10/28 v1.1a Standard LaTeX Color (DPC)
 (/usr/local/texlive/2015/texmf-dist/tex/latex/latexconfig/color.cfg
File: color.cfg 2007/01/18 v1.5 color configuration of teTeX/TeXLive
)
Package color Info: Driver file: pdftex.def on input line 142.
) (/usr/local/texlive/2015/texmf-dist/tex/generic/oberdiek/ifpdf.sty
Package: ifpdf 2011/01/30 v2.3 Provides the ifpdf switch (HO)
Package ifpdf Info: pdfTeX in PDF mode is detected.
) (/usr/local/texlive/2015/texmf-dist/tex/latex/amsmath/amsmath.sty
Package: amsmath 2013/01/14 v2.14 AMS math features
\@mathmargin=\skip53

For additional information on amsmath, use the `?' option.
(/usr/local/texlive/2015/texmf-dist/tex/latex/amsmath/amstext.sty
Package: amstext 2000/06/29 v2.01
 (/usr/local/texlive/2015/texmf-dist/tex/latex/amsmath/amsgen.sty
File: amsgen.sty 1999/11/30 v2.0
\@emptytoks=\toks22
\ex@=\dimen130
)) (/usr/local/texlive/2015/texmf-dist/tex/latex/amsmath/amsbsy.sty
Package: amsbsy 1999/11/29 v1.2d
\pmbraise@=\dimen131
) (/usr/local/texlive/2015/texmf-dist/tex/latex/amsmath/amsopn.sty
Package: amsopn 1999/12/14 v2.01 operator names
)
\inf@bad=\count127
LaTeX Info: Redefining \frac on input line 210.
\uproot@=\count128
\leftroot@=\count129
LaTeX Info: Redefining \overline on input line 306.
\classnum@=\count130
\DOTSCASE@=\count131
LaTeX Info: Redefining \ldots on input line 378.
LaTeX Info: Redefining \dots on input line 381.
LaTeX Info: Redefining \cdots on input line 466.
\Mathstrutbox@=\box56
\strutbox@=\box57
\big@size=\dimen132
LaTeX Font Info:    Redeclaring font encoding OML on input line 566.
LaTeX Font Info:    Redeclaring font encoding OMS on input line 567.


Package amsmath Warning: Unable to redefine math accent \vec.

\macc@depth=\count132
\c@MaxMatrixCols=\count133
\dotsspace@=\muskip10
\c@parentequation=\count134
\dspbrk@lvl=\count135
\tag@help=\toks23
\row@=\count136
\column@=\count137
\maxfields@=\count138
\andhelp@=\toks24
\eqnshift@=\dimen133
\alignsep@=\dimen134
\tagshift@=\dimen135
\tagwidth@=\dimen136
\totwidth@=\dimen137
\lineht@=\dimen138
\@envbody=\toks25
\multlinegap=\skip54
\multlinetaggap=\skip55
\mathdisplay@stack=\toks26
LaTeX Info: Redefining \[ on input line 2665.
LaTeX Info: Redefining \] on input line 2666.
) (/Users/zhangjiaheng/Desktop/sleepysim/doc/whitepaper/.texpadtmp/llncsdoc.aux)
\openout1 = `llncsdoc.aux'.

LaTeX Font Info:    Checking defaults for OML/cmm/m/it on input line 12.
LaTeX Font Info:    ... okay on input line 12.
LaTeX Font Info:    Checking defaults for T1/cmr/m/n on input line 12.
LaTeX Font Info:    ... okay on input line 12.
LaTeX Font Info:    Checking defaults for OT1/cmr/m/n on input line 12.
LaTeX Font Info:    ... okay on input line 12.
LaTeX Font Info:    Checking defaults for OMS/cmsy/m/n on input line 12.
LaTeX Font Info:    ... okay on input line 12.
LaTeX Font Info:    Checking defaults for OMX/cmex/m/n on input line 12.
LaTeX Font Info:    ... okay on input line 12.
LaTeX Font Info:    Checking defaults for U/cmr/m/n on input line 12.
LaTeX Font Info:    ... okay on input line 12.
 (/usr/local/texlive/2015/texmf-dist/tex/context/base/supp-pdf.mkii
[Loading MPS to PDF converter (version 2006.09.02).]
\scratchcounter=\count139
\scratchdimen=\dimen139
\scratchbox=\box58
\nofMPsegments=\count140
\nofMParguments=\count141
\everyMPshowfont=\toks27
\MPscratchCnt=\count142
\MPscratchDim=\dimen140
\MPnumerator=\count143
\makeMPintoPDFobject=\count144
\everyMPtoPDFconversion=\toks28
) (/usr/local/texlive/2015/texmf-dist/tex/generic/oberdiek/pdftexcmds.sty
Package: pdftexcmds 2011/11/29 v0.20 Utility functions of pdfTeX for LuaTeX (HO)
 (/usr/local/texlive/2015/texmf-dist/tex/generic/oberdiek/ifluatex.sty
Package: ifluatex 2010/03/01 v1.3 Provides the ifluatex switch (HO)
Package ifluatex Info: LuaTeX not detected.
)
Package pdftexcmds Info: LuaTeX not detected.
Package pdftexcmds Info: \pdf@primitive is available.
Package pdftexcmds Info: \pdf@ifprimitive is available.
Package pdftexcmds Info: \pdfdraftmode found.
) (/usr/local/texlive/2015/texmf-dist/tex/latex/oberdiek/epstopdf-base.sty
Package: epstopdf-base 2010/02/09 v2.5 Base part for package epstopdf
 (/usr/local/texlive/2015/texmf-dist/tex/latex/oberdiek/grfext.sty
Package: grfext 2010/08/19 v1.1 Manage graphics extensions (HO)
 (/usr/local/texlive/2015/texmf-dist/tex/generic/oberdiek/kvdefinekeys.sty
Package: kvdefinekeys 2011/04/07 v1.3 Define keys (HO)
)) (/usr/local/texlive/2015/texmf-dist/tex/latex/oberdiek/kvoptions.sty
Package: kvoptions 2011/06/30 v3.11 Key value format for package options (HO)
 (/usr/local/texlive/2015/texmf-dist/tex/generic/oberdiek/kvsetkeys.sty
Package: kvsetkeys 2012/04/25 v1.16 Key value parser (HO)
 (/usr/local/texlive/2015/texmf-dist/tex/generic/oberdiek/etexcmds.sty
Package: etexcmds 2011/02/16 v1.5 Avoid name clashes with e-TeX commands (HO)
Package etexcmds Info: Could not find \expanded.
(etexcmds)             That can mean that you are not using pdfTeX 1.50 or
(etexcmds)             that some package has redefined \expanded.
(etexcmds)             In the latter case, load this package earlier.
)))
Package grfext Info: Graphics extension search list:
(grfext)             [.png,.pdf,.jpg,.mps,.jpeg,.jbig2,.jb2,.PNG,.PDF,.JPG,.JPEG,.JBIG2,.JB2,.eps]
(grfext)             \AppendGraphicsExtensions on input line 452.
 (/usr/local/texlive/2015/texmf-dist/tex/latex/latexconfig/epstopdf-sys.cfg
File: epstopdf-sys.cfg 2010/07/13 v1.3 Configuration of (r)epstopdf for TeX Live
)) [1

{/usr/local/texlive/2015/texmf-var/fonts/map/pdftex/updmap/pdftex.map}] [2] (/Users/zhangjiaheng/Desktop/sleepysim/doc/whitepaper/.texpadtmp/llncsdoc.toc)
\tf@toc=\write3
\openout3 = `llncsdoc.toc'.

 [3

]
Missing character: There is no ‚ in font cmr10!
Missing character: There is no Ä in font cmr10!
Missing character: There is no ú in font cmr10!
Missing character: There is no ‚ in font cmr10!
Missing character: There is no Ä in font cmr10!
Missing character: There is no ù in font cmr10!
Missing character: There is no ‚ in font cmr9!
Missing character: There is no à in font cmr9!
Missing character: There is no í in font cmr9!
Missing character: There is no ‚ in font cmr9!
Missing character: There is no à in font cmr9!
Missing character: There is no í in font cmr9!
Missing character: There is no ‚ in font cmr9!
Missing character: There is no à in font cmr9!
Missing character: There is no í in font cmr9!
Missing character: There is no ‚ in font cmr10!
Missing character: There is no Ä in font cmr10!
Missing character: There is no ô in font cmr10!
Missing character: There is no ‚ in font cmr10!
Missing character: There is no Ä in font cmr10!
Missing character: There is no ô in font cmr10!
 [4] <Figures/Initialization.jpg, id=34, 3003.22pt x 1911.14pt>
File: Figures/Initialization.jpg Graphic file (type jpg)
 <use Figures/Initialization.jpg>
Package pdftex.def Info: Figures/Initialization.jpg used on input line 149.
(pdftex.def)             Requested size: 216.81pt x 137.96358pt.
 [5 <./Figures/Initialization.jpg>]

LaTeX Warning: File `Figures/Honest send.jpg' not found on input line 162.

<Figures/Honest send.jpg, id=38, 1883.035pt x 1397.22pt>
File: Figures/Honest send.jpg Graphic file (type jpg)
 <use Figures/Honest send.jpg>
Package pdftex.def Info: Figures/Honest send.jpg used on input line 162.
(pdftex.def)             Requested size: 173.44756pt x 128.68651pt.


LaTeX Warning: File `Figures/Adversary send.jpg' not found on input line 172.

<Figures/Adversary send.jpg, id=39, 1601.985pt x 1397.22pt>
File: Figures/Adversary send.jpg Graphic file (type jpg)
 <use Figures/Adversary send.jpg>
Package pdftex.def Info: Figures/Adversary send.jpg used on input line 172.
(pdftex.def)             Requested size: 173.44756pt x 151.2642pt.
 [6 <./Figures/Honest send.jpg> <./Figures/Adversary send.jpg>] <Figures/Running.jpg, id=43, 1104.125pt x 1397.22pt>
File: Figures/Running.jpg Graphic file (type jpg)
 <use Figures/Running.jpg>
Package pdftex.def Info: Figures/Running.jpg used on input line 184.
(pdftex.def)             Requested size: 130.08621pt x 164.61043pt.
 [7 <./Figures/Running.jpg>] <Figures/honest.pdf, id=48, 245.3165pt x 305.54149pt>
File: Figures/honest.pdf Graphic file (type pdf)
 <use Figures/honest.pdf>
Package pdftex.def Info: Figures/honest.pdf used on input line 214.
(pdftex.def)             Requested size: 173.44756pt x 216.03151pt.
 [8] <Figures/Naive-Attack.pdf, id=52, 387.23672pt x 217.43935pt>
File: Figures/Naive-Attack.pdf Graphic file (type pdf)
 <use Figures/Naive-Attack.pdf>
Package pdftex.def Info: Figures/Naive-Attack.pdf used on input line 228.
(pdftex.def)             Requested size: 310.76122pt x 174.50247pt.
 [9 <./Figures/honest.pdf>] <Figures/Selfish-Attack-1.pdf, id=77, 284.67854pt x 125.8341pt>
File: Figures/Selfish-Attack-1.pdf Graphic file (type pdf)
 <use Figures/Selfish-Attack-1.pdf>
Package pdftex.def Info: Figures/Selfish-Attack-1.pdf used on input line 242.
(pdftex.def)             Requested size: 140.92717pt x 57.81526pt.
 <Figures/Selfish-Attack-2.pdf, id=78, 242.10449pt x 127.11891pt>
File: Figures/Selfish-Attack-2.pdf Graphic file (type pdf)
 <use Figures/Selfish-Attack-2.pdf>
Package pdftex.def Info: Figures/Selfish-Attack-2.pdf used on input line 248.
(pdftex.def)             Requested size: 119.24547pt x 57.8159pt.
 <Figures/Selfish-Attack-3.pdf, id=79, 242.10449pt x 127.11891pt>
File: Figures/Selfish-Attack-3.pdf Graphic file (type pdf)
 <use Figures/Selfish-Attack-3.pdf>
Package pdftex.def Info: Figures/Selfish-Attack-3.pdf used on input line 255.
(pdftex.def)             Requested size: 119.24547pt x 57.8159pt.
 <Figures/Selfish-Attack-4.pdf, id=80, 275.67393pt x 141.92824pt>
File: Figures/Selfish-Attack-4.pdf Graphic file (type pdf)
 <use Figures/Selfish-Attack-4.pdf>
Package pdftex.def Info: Figures/Selfish-Attack-4.pdf used on input line 261.
(pdftex.def)             Requested size: 119.24416pt x 57.81628pt.
 [10 <./Figures/Naive-Attack.pdf>] [11 <./Figures/Selfish-Attack-1.pdf> <./Figures/Selfish-Attack-2.pdf> <./Figures/Selfish-Attack-3.pdf> <./Figures/Selfish-Attack-4.pdf>] <Figures/Stubborn-1.pdf, id=158, 274.20786pt x 125.64641pt>
File: Figures/Stubborn-1.pdf Graphic file (type pdf)
 <use Figures/Stubborn-1.pdf>
Package pdftex.def Info: Figures/Stubborn-1.pdf used on input line 283.
(pdftex.def)             Requested size: 119.24597pt x 57.81529pt.
 <Figures/Stubborn-2.pdf, id=159, 257.55763pt x 126.98843pt>
File: Figures/Stubborn-2.pdf Graphic file (type pdf)
 <use Figures/Stubborn-2.pdf>
Package pdftex.def Info: Figures/Stubborn-2.pdf used on input line 289.
(pdftex.def)             Requested size: 119.2443pt x 57.81664pt.
 <Figures/Stubborn-3.pdf, id=160, 258.18497pt x 126.98843pt>
File: Figures/Stubborn-3.pdf Graphic file (type pdf)
 <use Figures/Stubborn-3.pdf>
Package pdftex.def Info: Figures/Stubborn-3.pdf used on input line 296.
(pdftex.def)             Requested size: 119.24715pt x 57.81664pt.
 <Figures/Stubborn-4.pdf, id=161, 290.30498pt x 126.339pt>
File: Figures/Stubborn-4.pdf Graphic file (type pdf)
 <use Figures/Stubborn-4.pdf>
Package pdftex.def Info: Figures/Stubborn-4.pdf used on input line 302.
(pdftex.def)             Requested size: 126.4721pt x 57.8159pt.
 <Figures/Trail-1.pdf, id=162, 306.36497pt x 94.13368pt>
File: Figures/Trail-1.pdf Graphic file (type pdf)
 <use Figures/Trail-1.pdf>
Package pdftex.def Info: Figures/Trail-1.pdf used on input line 320.
(pdftex.def)             Requested size: 166.21997pt x 57.81645pt.
 <Figures/Trail-2.pdf, id=163, 306.36497pt x 94.13368pt>
File: Figures/Trail-2.pdf Graphic file (type pdf)
 <use Figures/Trail-2.pdf>
Package pdftex.def Info: Figures/Trail-2.pdf used on input line 326.
(pdftex.def)             Requested size: 166.21997pt x 57.81645pt.
 [12 <./Figures/Stubborn-1.pdf> <./Figures/Stubborn-2.pdf> <./Figures/Stubborn-3.pdf> <./Figures/Stubborn-4.pdf>] <Figures/eclipse.pdf, id=231, 193.9245pt x 66.21638pt>
File: Figures/eclipse.pdf Graphic file (type pdf)
 <use Figures/eclipse.pdf>
Package pdftex.def Info: Figures/eclipse.pdf used on input line 347.
(pdftex.def)             Requested size: 166.2212pt x 56.75702pt.

Underfull \hbox (badness 10000) in paragraph at lines 355--356

 []

[13 <./Figures/Trail-1.pdf> <./Figures/Trail-2.pdf> <./Figures/eclipse.pdf>] [14] (/Users/zhangjiaheng/Desktop/sleepysim/doc/whitepaper/.texpadtmp/llncsdoc.aux) ) 
Here is how much of TeX's memory you used:
 3161 strings out of 493089
 43567 string characters out of 6134841
 116402 words of memory out of 5000000
 6560 multiletter control sequences out of 15000+600000
 15634 words of font info for 55 fonts, out of 8000000 for 9000
 1141 hyphenation exceptions out of 8191
 38i,9n,24p,1761b,441s stack positions out of 5000i,500n,10000p,200000b,80000s
</usr/local/texlive/2015/texmf-dist/fonts/type1/public/amsfonts/cm/cmbx10.pfb></usr/local/texlive/2015/texmf-dist/fonts/type1/public/amsfonts/cm/cmbx12.pfb></usr/local/texlive/2015/texmf-dist/fonts/type1/public/amsfonts/cm/cmbx9.pfb></usr/local/texlive/2015/texmf-dist/fonts/type1/public/amsfonts/cm/cmbxti10.pfb></usr/local/texlive/2015/texmf-dist/fonts/type1/public/amsfonts/cmextra/cmex9.pfb></usr/local/texlive/2015/texmf-dist/fonts/type1/public/amsfonts/cm/cmmi10.pfb></usr/local/texlive/2015/texmf-dist/fonts/type1/public/amsfonts/cm/cmmi6.pfb></usr/local/texlive/2015/texmf-dist/fonts/type1/public/amsfonts/cm/cmmi7.pfb></usr/local/texlive/2015/texmf-dist/fonts/type1/public/amsfonts/cm/cmmi9.pfb></usr/local/texlive/2015/texmf-dist/fonts/type1/public/amsfonts/cm/cmr10.pfb></usr/local/texlive/2015/texmf-dist/fonts/type1/public/amsfonts/cm/cmr12.pfb></usr/local/texlive/2015/texmf-dist/fonts/type1/public/amsfonts/cm/cmr17.pfb></usr/local/texlive/2015/texmf-dist/fonts/type1/public/amsfonts/cm/cmr9.pfb></usr/local/texlive/2015/texmf-dist/fonts/type1/public/amsfonts/cm/cmsy10.pfb></usr/local/texlive/2015/texmf-dist/fonts/type1/public/amsfonts/cm/cmsy6.pfb></usr/local/texlive/2015/texmf-dist/fonts/type1/public/amsfonts/cm/cmsy9.pfb></usr/local/texlive/2015/texmf-dist/fonts/type1/public/amsfonts/cm/cmti10.pfb></usr/local/texlive/2015/texmf-dist/fonts/type1/public/amsfonts/cm/cmti12.pfb></usr/local/texlive/2015/texmf-dist/fonts/type1/public/amsfonts/cm/cmti9.pfb>
Output written on /Users/zhangjiaheng/Desktop/sleepysim/doc/whitepaper/.texpadtmp/llncsdoc.pdf (14 pages, 1274727 bytes).
PDF statistics:
 375 PDF objects out of 1000 (max. 8388607)
 193 compressed objects within 2 object streams
 0 named destinations out of 1000 (max. 500000)
 86 words of extra memory for PDF output out of 10000 (max. 10000000)

